{"C:\\Users\\Oficina\\Desktop\\ProyectoWebSV\\frontend\\src\\carrito.ts": {"path":"C:\\Users\\Oficina\\Desktop\\ProyectoWebSV\\frontend\\src\\carrito.ts","statementMap":{"0":{"start":{"line":101,"column":0},"end":{"line":101,"column":16}},"1":{"start":{"line":76,"column":2},"end":{"line":76,"column":33}},"2":{"start":{"line":80,"column":2},"end":{"line":80,"column":21}},"3":{"start":{"line":105,"column":2},"end":{"line":107,"column":3}},"4":{"start":{"line":106,"column":4},"end":{"line":106,"column":61}},"5":{"start":{"line":112,"column":24},"end":{"line":123,"column":7}},"6":{"start":{"line":113,"column":4},"end":{"line":115,"column":5}},"7":{"start":{"line":114,"column":6},"end":{"line":114,"column":57}},"8":{"start":{"line":117,"column":4},"end":{"line":119,"column":5}},"9":{"start":{"line":118,"column":6},"end":{"line":118,"column":57}},"10":{"start":{"line":121,"column":23},"end":{"line":121,"column":76}},"11":{"start":{"line":122,"column":4},"end":{"line":122,"column":34}},"12":{"start":{"line":125,"column":32},"end":{"line":126,"column":null}},"13":{"start":{"line":129,"column":26},"end":{"line":129,"column":63}},"14":{"start":{"line":131,"column":2},"end":{"line":135,"column":4}},"15":{"start":{"line":141,"column":13},"end":{"line":145,"column":2}},"16":{"start":{"line":162,"column":13},"end":{"line":177,"column":2}}},"fnMap":{"0":{"name":"toCents","decl":{"start":{"line":75,"column":9},"end":{"line":75,"column":16}},"loc":{"start":{"line":75,"column":30},"end":{"line":77,"column":1}}},"1":{"name":"fromCents","decl":{"start":{"line":79,"column":9},"end":{"line":79,"column":18}},"loc":{"start":{"line":79,"column":32},"end":{"line":81,"column":1}}},"2":{"name":"calcularTotalesPedido","decl":{"start":{"line":101,"column":16},"end":{"line":101,"column":37}},"loc":{"start":{"line":103,"column":29},"end":{"line":136,"column":1}}},"3":{"name":"(anonymous_3)","decl":{"start":{"line":112,"column":41},"end":{"line":112,"column":42}},"loc":{"start":{"line":112,"column":65},"end":{"line":123,"column":3}}}},"branchMap":{"0":{"loc":{"start":{"line":105,"column":2},"end":{"line":107,"column":3}},"type":"if","locations":[{"start":{"line":105,"column":2},"end":{"line":107,"column":3}},{"start":{},"end":{}}]},"1":{"loc":{"start":{"line":105,"column":6},"end":{"line":105,"column":58}},"type":"binary-expr","locations":[{"start":{"line":105,"column":6},"end":{"line":105,"column":29}},{"start":{"line":105,"column":33},"end":{"line":105,"column":58}}]},"2":{"loc":{"start":{"line":113,"column":4},"end":{"line":115,"column":5}},"type":"if","locations":[{"start":{"line":113,"column":4},"end":{"line":115,"column":5}},{"start":{},"end":{}}]},"3":{"loc":{"start":{"line":117,"column":4},"end":{"line":119,"column":5}},"type":"if","locations":[{"start":{"line":117,"column":4},"end":{"line":119,"column":5}},{"start":{},"end":{}}]}},"s":{"0":1,"1":32,"2":78,"3":30,"4":2,"5":28,"6":34,"7":1,"8":33,"9":1,"10":32,"11":32,"12":26,"13":26,"14":26,"15":1,"16":1},"f":{"0":32,"1":78,"2":30,"3":34},"b":{"0":[2,28],"1":[30,29],"2":[1,33],"3":[1,32]}}
,"C:\\Users\\Oficina\\Desktop\\ProyectoWebSV\\frontend\\src\\configuradorProductos.ts": {"path":"C:\\Users\\Oficina\\Desktop\\ProyectoWebSV\\frontend\\src\\configuradorProductos.ts","statementMap":{"0":{"start":{"line":66,"column":0},"end":{"line":66,"column":16}},"1":{"start":{"line":67,"column":24},"end":{"line":69,"column":3}},"2":{"start":{"line":68,"column":4},"end":{"line":68,"column":82}},"3":{"start":{"line":71,"column":32},"end":{"line":73,"column":3}},"4":{"start":{"line":72,"column":4},"end":{"line":72,"column":80}},"5":{"start":{"line":72,"column":64},"end":{"line":72,"column":80}},"6":{"start":{"line":75,"column":27},"end":{"line":77,"column":3}},"7":{"start":{"line":76,"column":4},"end":{"line":76,"column":53}},"8":{"start":{"line":76,"column":37},"end":{"line":76,"column":53}},"9":{"start":{"line":80,"column":18},"end":{"line":80,"column":22}},"10":{"start":{"line":83,"column":2},"end":{"line":83,"column":48}},"11":{"start":{"line":84,"column":2},"end":{"line":84,"column":48}},"12":{"start":{"line":85,"column":2},"end":{"line":85,"column":52}},"13":{"start":{"line":86,"column":2},"end":{"line":86,"column":52}},"14":{"start":{"line":87,"column":2},"end":{"line":87,"column":54}},"15":{"start":{"line":88,"column":2},"end":{"line":88,"column":45}},"16":{"start":{"line":89,"column":2},"end":{"line":89,"column":48}},"17":{"start":{"line":90,"column":2},"end":{"line":90,"column":42}},"18":{"start":{"line":91,"column":2},"end":{"line":91,"column":63}},"19":{"start":{"line":94,"column":4},"end":{"line":103,"column":37}},"20":{"start":{"line":105,"column":2},"end":{"line":105,"column":24}},"21":{"start":{"line":122,"column":13},"end":{"line":132,"column":2}}},"fnMap":{"0":{"name":"generarCodigoSV","decl":{"start":{"line":66,"column":16},"end":{"line":66,"column":31}},"loc":{"start":{"line":66,"column":61},"end":{"line":106,"column":1}}},"1":{"name":"(anonymous_1)","decl":{"start":{"line":67,"column":24},"end":{"line":67,"column":27}},"loc":{"start":{"line":67,"column":29},"end":{"line":69,"column":3}}},"2":{"name":"(anonymous_2)","decl":{"start":{"line":71,"column":32},"end":{"line":71,"column":33}},"loc":{"start":{"line":71,"column":68},"end":{"line":73,"column":3}}},"3":{"name":"(anonymous_3)","decl":{"start":{"line":75,"column":27},"end":{"line":75,"column":28}},"loc":{"start":{"line":75,"column":76},"end":{"line":77,"column":3}}}},"branchMap":{"0":{"loc":{"start":{"line":72,"column":4},"end":{"line":72,"column":80}},"type":"if","locations":[{"start":{"line":72,"column":4},"end":{"line":72,"column":80}},{"start":{},"end":{}}]},"1":{"loc":{"start":{"line":72,"column":8},"end":{"line":72,"column":62}},"type":"binary-expr","locations":[{"start":{"line":72,"column":8},"end":{"line":72,"column":33}},{"start":{"line":72,"column":37},"end":{"line":72,"column":62}}]},"2":{"loc":{"start":{"line":76,"column":4},"end":{"line":76,"column":53}},"type":"if","locations":[{"start":{"line":76,"column":4},"end":{"line":76,"column":53}},{"start":{},"end":{}}]}},"s":{"0":1,"1":21,"2":6,"3":21,"4":92,"5":5,"6":21,"7":70,"8":1,"9":21,"10":21,"11":20,"12":19,"13":18,"14":18,"15":18,"16":17,"17":16,"18":15,"19":15,"20":15,"21":1},"f":{"0":21,"1":6,"2":92,"3":70},"b":{"0":[5,87],"1":[92,92],"2":[1,69]}}
}
