TN:
SF:src\carrito.ts
FN:75,toCents
FN:79,fromCents
FN:101,calcularTotalesPedido
FN:112,(anonymous_3)
FNF:4
FNH:4
FNDA:32,toCents
FNDA:78,fromCents
FNDA:30,calcularTotalesPedido
FNDA:34,(anonymous_3)
DA:76,32
DA:80,78
DA:101,1
DA:105,30
DA:106,2
DA:112,28
DA:113,34
DA:114,1
DA:117,33
DA:118,1
DA:121,32
DA:122,32
DA:125,26
DA:129,26
DA:131,26
DA:141,1
DA:162,1
LF:17
LH:17
BRDA:105,0,0,2
BRDA:105,0,1,28
BRDA:105,1,0,30
BRDA:105,1,1,29
BRDA:113,2,0,1
BRDA:113,2,1,33
BRDA:117,3,0,1
BRDA:117,3,1,32
BRF:8
BRH:8
end_of_record
TN:
SF:src\configuradorProductos.ts
FN:66,generarCodigoSV
FN:67,(anonymous_1)
FN:71,(anonymous_2)
FN:75,(anonymous_3)
FNF:4
FNH:4
FNDA:21,generarCodigoSV
FNDA:6,(anonymous_1)
FNDA:92,(anonymous_2)
FNDA:70,(anonymous_3)
DA:66,1
DA:67,21
DA:68,6
DA:71,21
DA:72,92
DA:75,21
DA:76,70
DA:80,21
DA:83,21
DA:84,20
DA:85,19
DA:86,18
DA:87,18
DA:88,18
DA:89,17
DA:90,16
DA:91,15
DA:94,15
DA:105,15
DA:122,1
LF:20
LH:20
BRDA:72,0,0,5
BRDA:72,0,1,87
BRDA:72,1,0,92
BRDA:72,1,1,92
BRDA:76,2,0,1
BRDA:76,2,1,69
BRF:6
BRH:6
end_of_record
